

============================== 2022-11-08 19:48:20.182902 | e964cb0e-4182-4f9c-a0b9-2101a1805845 ==============================
[0m19:48:20.182928 [info ] [MainThread]: Running with dbt=1.3.0
[0m19:48:20.184890 [debug] [MainThread]: running dbt with arguments {'write_json': True, 'use_colors': True, 'printer_width': 80, 'version_check': True, 'partial_parse': True, 'static_parser': True, 'profiles_dir': '/home/d2c/.dbt', 'send_anonymous_usage_stats': True, 'event_buffer_size': 100000, 'quiet': False, 'no_print': False, 'config_dir': False, 'which': 'debug', 'indirect_selection': 'eager'}
[0m19:48:20.186558 [debug] [MainThread]: Tracking: tracking
[0m19:48:20.191428 [debug] [MainThread]: Sending event: {'category': 'dbt', 'action': 'invocation', 'label': 'start', 'context': [<snowplow_tracker.self_describing_json.SelfDescribingJson object at 0x7fefb9dc6ce0>, <snowplow_tracker.self_describing_json.SelfDescribingJson object at 0x7fefb9dc6fe0>, <snowplow_tracker.self_describing_json.SelfDescribingJson object at 0x7fefb9dc6d70>]}
[0m19:48:29.564763 [debug] [MainThread]: Executing "git --help"
[0m19:48:29.569819 [debug] [MainThread]: STDOUT: "b"usage: git [--version] [--help] [-C <path>] [-c <name>=<value>]\n           [--exec-path[=<path>]] [--html-path] [--man-path] [--info-path]\n           [-p | --paginate | -P | --no-pager] [--no-replace-objects] [--bare]\n           [--git-dir=<path>] [--work-tree=<path>] [--namespace=<name>]\n           [--super-prefix=<path>] [--config-env=<name>=<envvar>]\n           <command> [<args>]\n\nThese are common Git commands used in various situations:\n\nstart a working area (see also: git help tutorial)\n   clone     Clone a repository into a new directory\n   init      Create an empty Git repository or reinitialize an existing one\n\nwork on the current change (see also: git help everyday)\n   add       Add file contents to the index\n   mv        Move or rename a file, a directory, or a symlink\n   restore   Restore working tree files\n   rm        Remove files from the working tree and from the index\n\nexamine the history and state (see also: git help revisions)\n   bisect    Use binary search to find the commit that introduced a bug\n   diff      Show changes between commits, commit and working tree, etc\n   grep      Print lines matching a pattern\n   log       Show commit logs\n   show      Show various types of objects\n   status    Show the working tree status\n\ngrow, mark and tweak your common history\n   branch    List, create, or delete branches\n   commit    Record changes to the repository\n   merge     Join two or more development histories together\n   rebase    Reapply commits on top of another base tip\n   reset     Reset current HEAD to the specified state\n   switch    Switch branches\n   tag       Create, list, delete or verify a tag object signed with GPG\n\ncollaborate (see also: git help workflows)\n   fetch     Download objects and refs from another repository\n   pull      Fetch from and integrate with another repository or a local branch\n   push      Update remote refs along with associated objects\n\n'git help -a' and 'git help -g' list available subcommands and some\nconcept guides. See 'git help <command>' or 'git help <concept>'\nto read about a specific subcommand or concept.\nSee 'git help git' for an overview of the system.\n""
[0m19:48:29.571367 [debug] [MainThread]: STDERR: "b''"
[0m19:48:29.579601 [debug] [MainThread]: Acquiring new bigquery connection "debug"
[0m19:48:29.581305 [debug] [MainThread]: Opening a new connection, currently in state init
[0m19:48:29.589742 [debug] [MainThread]: On debug: select 1 as id
[0m19:48:30.128805 [error] [MainThread]: BigQuery adapter: https://console.cloud.google.com/bigquery?project=divya-dbt-learn&j=bq:US:6b5b1eef-b958-47fb-aff3-5d64fd22764a&page=queryresults
[0m19:48:30.131297 [debug] [MainThread]: Sending event: {'category': 'dbt', 'action': 'invocation', 'label': 'end', 'context': [<snowplow_tracker.self_describing_json.SelfDescribingJson object at 0x7fefb7f503a0>, <snowplow_tracker.self_describing_json.SelfDescribingJson object at 0x7fefb7f53d30>, <snowplow_tracker.self_describing_json.SelfDescribingJson object at 0x7fefb7f52aa0>]}
[0m19:48:30.133081 [debug] [MainThread]: Flushing usage events
[0m19:48:30.407066 [debug] [MainThread]: Connection 'debug' was properly closed.


============================== 2022-11-08 19:57:39.057521 | 4018341a-aacf-4f2b-8603-55820c1601d5 ==============================
[0m19:57:39.057535 [info ] [MainThread]: Running with dbt=1.3.0
[0m19:57:39.059560 [debug] [MainThread]: running dbt with arguments {'write_json': True, 'use_colors': True, 'printer_width': 80, 'version_check': True, 'partial_parse': True, 'static_parser': True, 'profiles_dir': '/home/d2c/.dbt', 'send_anonymous_usage_stats': True, 'event_buffer_size': 100000, 'quiet': False, 'no_print': False, 'config_dir': False, 'which': 'debug', 'indirect_selection': 'eager'}
[0m19:57:39.061113 [debug] [MainThread]: Tracking: tracking
[0m19:57:39.065348 [debug] [MainThread]: Sending event: {'category': 'dbt', 'action': 'invocation', 'label': 'start', 'context': [<snowplow_tracker.self_describing_json.SelfDescribingJson object at 0x7f63eebc6c50>, <snowplow_tracker.self_describing_json.SelfDescribingJson object at 0x7f63eebc6f50>, <snowplow_tracker.self_describing_json.SelfDescribingJson object at 0x7f63eebc6d10>]}
[0m19:57:48.150919 [debug] [MainThread]: Executing "git --help"
[0m19:57:48.156162 [debug] [MainThread]: STDOUT: "b"usage: git [--version] [--help] [-C <path>] [-c <name>=<value>]\n           [--exec-path[=<path>]] [--html-path] [--man-path] [--info-path]\n           [-p | --paginate | -P | --no-pager] [--no-replace-objects] [--bare]\n           [--git-dir=<path>] [--work-tree=<path>] [--namespace=<name>]\n           [--super-prefix=<path>] [--config-env=<name>=<envvar>]\n           <command> [<args>]\n\nThese are common Git commands used in various situations:\n\nstart a working area (see also: git help tutorial)\n   clone     Clone a repository into a new directory\n   init      Create an empty Git repository or reinitialize an existing one\n\nwork on the current change (see also: git help everyday)\n   add       Add file contents to the index\n   mv        Move or rename a file, a directory, or a symlink\n   restore   Restore working tree files\n   rm        Remove files from the working tree and from the index\n\nexamine the history and state (see also: git help revisions)\n   bisect    Use binary search to find the commit that introduced a bug\n   diff      Show changes between commits, commit and working tree, etc\n   grep      Print lines matching a pattern\n   log       Show commit logs\n   show      Show various types of objects\n   status    Show the working tree status\n\ngrow, mark and tweak your common history\n   branch    List, create, or delete branches\n   commit    Record changes to the repository\n   merge     Join two or more development histories together\n   rebase    Reapply commits on top of another base tip\n   reset     Reset current HEAD to the specified state\n   switch    Switch branches\n   tag       Create, list, delete or verify a tag object signed with GPG\n\ncollaborate (see also: git help workflows)\n   fetch     Download objects and refs from another repository\n   pull      Fetch from and integrate with another repository or a local branch\n   push      Update remote refs along with associated objects\n\n'git help -a' and 'git help -g' list available subcommands and some\nconcept guides. See 'git help <command>' or 'git help <concept>'\nto read about a specific subcommand or concept.\nSee 'git help git' for an overview of the system.\n""
[0m19:57:48.157811 [debug] [MainThread]: STDERR: "b''"
[0m19:57:48.167021 [debug] [MainThread]: Acquiring new bigquery connection "debug"
[0m19:57:48.168754 [debug] [MainThread]: Opening a new connection, currently in state init
[0m19:57:48.177270 [debug] [MainThread]: On debug: select 1 as id
[0m19:57:49.796809 [debug] [MainThread]: BigQuery adapter: https://console.cloud.google.com/bigquery?project=divya-dbt-learn&j=bq:3d498f14-5840-4558-8c81-82b840553858:US&page=queryresults
[0m19:57:49.799652 [debug] [MainThread]: Sending event: {'category': 'dbt', 'action': 'invocation', 'label': 'end', 'context': [<snowplow_tracker.self_describing_json.SelfDescribingJson object at 0x7f63ecd52530>, <snowplow_tracker.self_describing_json.SelfDescribingJson object at 0x7f63ecd50b50>, <snowplow_tracker.self_describing_json.SelfDescribingJson object at 0x7f63ecd4f670>]}
[0m19:57:49.801782 [debug] [MainThread]: Flushing usage events
[0m19:57:50.051871 [debug] [MainThread]: Connection 'debug' was properly closed.


============================== 2022-11-08 20:11:13.630064 | a6749843-59a5-428f-8877-5250611b0d50 ==============================
[0m20:11:13.630084 [info ] [MainThread]: Running with dbt=1.3.0
[0m20:11:13.631927 [debug] [MainThread]: running dbt with arguments {'write_json': True, 'use_colors': True, 'printer_width': 80, 'version_check': True, 'partial_parse': True, 'static_parser': True, 'profiles_dir': '/home/d2c/.dbt', 'send_anonymous_usage_stats': True, 'event_buffer_size': 100000, 'quiet': False, 'no_print': False, 'which': 'run', 'rpc_method': 'run', 'indirect_selection': 'eager'}
[0m20:11:13.634034 [debug] [MainThread]: Tracking: tracking
[0m20:11:13.640541 [debug] [MainThread]: Sending event: {'category': 'dbt', 'action': 'invocation', 'label': 'start', 'context': [<snowplow_tracker.self_describing_json.SelfDescribingJson object at 0x7f622b660a90>, <snowplow_tracker.self_describing_json.SelfDescribingJson object at 0x7f622b660b80>, <snowplow_tracker.self_describing_json.SelfDescribingJson object at 0x7f622b660b20>]}
[0m20:11:13.744942 [info ] [MainThread]: Partial parse save file not found. Starting full parse.
[0m20:11:13.747352 [debug] [MainThread]: Sending event: {'category': 'dbt', 'action': 'partial_parser', 'label': 'a6749843-59a5-428f-8877-5250611b0d50', 'context': [<snowplow_tracker.self_describing_json.SelfDescribingJson object at 0x7f622b661d80>]}
[0m20:11:20.550251 [debug] [MainThread]: Parsing macros/adapters.sql
[0m20:11:20.578956 [debug] [MainThread]: Parsing macros/catalog.sql
[0m20:11:20.587301 [debug] [MainThread]: Parsing macros/etc.sql
[0m20:11:20.591341 [debug] [MainThread]: Parsing macros/adapters/apply_grants.sql
[0m20:11:20.596292 [debug] [MainThread]: Parsing macros/materializations/copy.sql
[0m20:11:20.600874 [debug] [MainThread]: Parsing macros/materializations/incremental.sql
[0m20:11:20.621184 [debug] [MainThread]: Parsing macros/materializations/seed.sql
[0m20:11:20.625965 [debug] [MainThread]: Parsing macros/materializations/snapshot.sql
[0m20:11:20.629415 [debug] [MainThread]: Parsing macros/materializations/table.sql
[0m20:11:20.638313 [debug] [MainThread]: Parsing macros/materializations/view.sql
[0m20:11:20.643064 [debug] [MainThread]: Parsing macros/utils/array_append.sql
[0m20:11:20.645359 [debug] [MainThread]: Parsing macros/utils/array_concat.sql
[0m20:11:20.647655 [debug] [MainThread]: Parsing macros/utils/array_construct.sql
[0m20:11:20.650139 [debug] [MainThread]: Parsing macros/utils/bool_or.sql
[0m20:11:20.652805 [debug] [MainThread]: Parsing macros/utils/dateadd.sql
[0m20:11:20.655100 [debug] [MainThread]: Parsing macros/utils/datediff.sql
[0m20:11:20.658094 [debug] [MainThread]: Parsing macros/utils/date_trunc.sql
[0m20:11:20.660783 [debug] [MainThread]: Parsing macros/utils/escape_single_quotes.sql
[0m20:11:20.663007 [debug] [MainThread]: Parsing macros/utils/except.sql
[0m20:11:20.665160 [debug] [MainThread]: Parsing macros/utils/hash.sql
[0m20:11:20.667400 [debug] [MainThread]: Parsing macros/utils/intersect.sql
[0m20:11:20.669395 [debug] [MainThread]: Parsing macros/utils/listagg.sql
[0m20:11:20.672177 [debug] [MainThread]: Parsing macros/utils/position.sql
[0m20:11:20.674680 [debug] [MainThread]: Parsing macros/utils/right.sql
[0m20:11:20.676942 [debug] [MainThread]: Parsing macros/utils/safe_cast.sql
[0m20:11:20.679302 [debug] [MainThread]: Parsing macros/utils/split_part.sql
[0m20:11:20.682345 [debug] [MainThread]: Parsing macros/utils/timestamps.sql
[0m20:11:20.685305 [debug] [MainThread]: Parsing macros/adapters/apply_grants.sql
[0m20:11:20.701355 [debug] [MainThread]: Parsing macros/adapters/columns.sql
[0m20:11:20.713117 [debug] [MainThread]: Parsing macros/adapters/freshness.sql
[0m20:11:20.717022 [debug] [MainThread]: Parsing macros/adapters/indexes.sql
[0m20:11:20.721793 [debug] [MainThread]: Parsing macros/adapters/metadata.sql
[0m20:11:20.730970 [debug] [MainThread]: Parsing macros/adapters/persist_docs.sql
[0m20:11:20.737814 [debug] [MainThread]: Parsing macros/adapters/relation.sql
[0m20:11:20.754989 [debug] [MainThread]: Parsing macros/adapters/schema.sql
[0m20:11:20.759089 [debug] [MainThread]: Parsing macros/adapters/timestamps.sql
[0m20:11:20.764066 [debug] [MainThread]: Parsing macros/etc/datetime.sql
[0m20:11:20.774389 [debug] [MainThread]: Parsing macros/etc/statement.sql
[0m20:11:20.781663 [debug] [MainThread]: Parsing macros/generic_test_sql/accepted_values.sql
[0m20:11:20.785514 [debug] [MainThread]: Parsing macros/generic_test_sql/not_null.sql
[0m20:11:20.788147 [debug] [MainThread]: Parsing macros/generic_test_sql/relationships.sql
[0m20:11:20.791062 [debug] [MainThread]: Parsing macros/generic_test_sql/unique.sql
[0m20:11:20.793398 [debug] [MainThread]: Parsing macros/get_custom_name/get_custom_alias.sql
[0m20:11:20.796470 [debug] [MainThread]: Parsing macros/get_custom_name/get_custom_database.sql
[0m20:11:20.800269 [debug] [MainThread]: Parsing macros/get_custom_name/get_custom_schema.sql
[0m20:11:20.805462 [debug] [MainThread]: Parsing macros/materializations/configs.sql
[0m20:11:20.811482 [debug] [MainThread]: Parsing macros/materializations/hooks.sql
[0m20:11:20.819483 [debug] [MainThread]: Parsing macros/materializations/models/incremental/column_helpers.sql
[0m20:11:20.832981 [debug] [MainThread]: Parsing macros/materializations/models/incremental/incremental.sql
[0m20:11:20.854173 [debug] [MainThread]: Parsing macros/materializations/models/incremental/is_incremental.sql
[0m20:11:20.858462 [debug] [MainThread]: Parsing macros/materializations/models/incremental/merge.sql
[0m20:11:20.876701 [debug] [MainThread]: Parsing macros/materializations/models/incremental/on_schema_change.sql
[0m20:11:20.894802 [debug] [MainThread]: Parsing macros/materializations/models/incremental/strategies.sql
[0m20:11:20.903360 [debug] [MainThread]: Parsing macros/materializations/models/table/create_table_as.sql
[0m20:11:20.909561 [debug] [MainThread]: Parsing macros/materializations/models/table/table.sql
[0m20:11:20.917406 [debug] [MainThread]: Parsing macros/materializations/models/view/create_or_replace_view.sql
[0m20:11:20.923353 [debug] [MainThread]: Parsing macros/materializations/models/view/create_view_as.sql
[0m20:11:20.928472 [debug] [MainThread]: Parsing macros/materializations/models/view/helpers.sql
[0m20:11:20.931737 [debug] [MainThread]: Parsing macros/materializations/models/view/view.sql
[0m20:11:20.938768 [debug] [MainThread]: Parsing macros/materializations/seeds/helpers.sql
[0m20:11:20.958426 [debug] [MainThread]: Parsing macros/materializations/seeds/seed.sql
[0m20:11:20.969238 [debug] [MainThread]: Parsing macros/materializations/snapshots/helpers.sql
[0m20:11:20.983592 [debug] [MainThread]: Parsing macros/materializations/snapshots/snapshot.sql
[0m20:11:20.996831 [debug] [MainThread]: Parsing macros/materializations/snapshots/snapshot_merge.sql
[0m20:11:21.001149 [debug] [MainThread]: Parsing macros/materializations/snapshots/strategies.sql
[0m20:11:21.075385 [debug] [MainThread]: Parsing macros/materializations/tests/helpers.sql
[0m20:11:21.079754 [debug] [MainThread]: Parsing macros/materializations/tests/test.sql
[0m20:11:21.086695 [debug] [MainThread]: Parsing macros/materializations/tests/where_subquery.sql
[0m20:11:21.090287 [debug] [MainThread]: Parsing macros/python_model/python.sql
[0m20:11:21.098127 [debug] [MainThread]: Parsing macros/utils/any_value.sql
[0m20:11:21.101082 [debug] [MainThread]: Parsing macros/utils/array_append.sql
[0m20:11:21.103780 [debug] [MainThread]: Parsing macros/utils/array_concat.sql
[0m20:11:21.106641 [debug] [MainThread]: Parsing macros/utils/array_construct.sql
[0m20:11:21.109953 [debug] [MainThread]: Parsing macros/utils/bool_or.sql
[0m20:11:21.112997 [debug] [MainThread]: Parsing macros/utils/cast_bool_to_text.sql
[0m20:11:21.115773 [debug] [MainThread]: Parsing macros/utils/concat.sql
[0m20:11:21.118372 [debug] [MainThread]: Parsing macros/utils/data_types.sql
[0m20:11:21.127361 [debug] [MainThread]: Parsing macros/utils/dateadd.sql
[0m20:11:21.131532 [debug] [MainThread]: Parsing macros/utils/datediff.sql
[0m20:11:21.139533 [debug] [MainThread]: Parsing macros/utils/date_trunc.sql
[0m20:11:21.142955 [debug] [MainThread]: Parsing macros/utils/escape_single_quotes.sql
[0m20:11:21.146414 [debug] [MainThread]: Parsing macros/utils/except.sql
[0m20:11:21.149633 [debug] [MainThread]: Parsing macros/utils/hash.sql
[0m20:11:21.153324 [debug] [MainThread]: Parsing macros/utils/intersect.sql
[0m20:11:21.156253 [debug] [MainThread]: Parsing macros/utils/last_day.sql
[0m20:11:21.160486 [debug] [MainThread]: Parsing macros/utils/length.sql
[0m20:11:21.163708 [debug] [MainThread]: Parsing macros/utils/listagg.sql
[0m20:11:21.168409 [debug] [MainThread]: Parsing macros/utils/literal.sql
[0m20:11:21.171863 [debug] [MainThread]: Parsing macros/utils/position.sql
[0m20:11:21.175078 [debug] [MainThread]: Parsing macros/utils/replace.sql
[0m20:11:21.178146 [debug] [MainThread]: Parsing macros/utils/right.sql
[0m20:11:21.181334 [debug] [MainThread]: Parsing macros/utils/safe_cast.sql
[0m20:11:21.184642 [debug] [MainThread]: Parsing macros/utils/split_part.sql
[0m20:11:21.188912 [debug] [MainThread]: Parsing tests/generic/builtin.sql
[0m20:11:21.487941 [debug] [MainThread]: 1699: static parser successfully parsed example/my_first_dbt_model.sql
[0m20:11:21.503163 [debug] [MainThread]: 1699: static parser successfully parsed example/my_second_dbt_model.sql
[0m20:11:21.616632 [debug] [MainThread]: Sending event: {'category': 'dbt', 'action': 'load_project', 'label': 'a6749843-59a5-428f-8877-5250611b0d50', 'context': [<snowplow_tracker.self_describing_json.SelfDescribingJson object at 0x7f622b4154b0>]}
[0m20:11:21.647566 [debug] [MainThread]: Sending event: {'category': 'dbt', 'action': 'resource_counts', 'label': 'a6749843-59a5-428f-8877-5250611b0d50', 'context': [<snowplow_tracker.self_describing_json.SelfDescribingJson object at 0x7f622b532ef0>]}
[0m20:11:21.649723 [info ] [MainThread]: Found 2 models, 4 tests, 0 snapshots, 0 analyses, 319 macros, 0 operations, 0 seed files, 0 sources, 0 exposures, 0 metrics
[0m20:11:21.651809 [debug] [MainThread]: Sending event: {'category': 'dbt', 'action': 'runnable_timing', 'label': 'a6749843-59a5-428f-8877-5250611b0d50', 'context': [<snowplow_tracker.self_describing_json.SelfDescribingJson object at 0x7f622b3f5780>]}
[0m20:11:21.656453 [info ] [MainThread]: 
[0m20:11:21.659537 [debug] [MainThread]: Acquiring new bigquery connection "master"
[0m20:11:21.663127 [debug] [ThreadPool]: Acquiring new bigquery connection "list_divya-dbt-learn"
[0m20:11:21.665184 [debug] [ThreadPool]: Opening a new connection, currently in state init
[0m20:11:22.362986 [debug] [ThreadPool]: Acquiring new bigquery connection "create_divya-dbt-learn_dbt_divya"
[0m20:11:22.367109 [debug] [ThreadPool]: Acquiring new bigquery connection "create_divya-dbt-learn_dbt_divya"
[0m20:11:22.369550 [debug] [ThreadPool]: Creating schema "_ReferenceKey(database='divya-dbt-learn', schema='dbt_divya', identifier=None)"
[0m20:11:22.387157 [debug] [ThreadPool]: Opening a new connection, currently in state closed
[0m20:11:22.400427 [debug] [ThreadPool]: On create_divya-dbt-learn_dbt_divya: /* {"app": "dbt", "dbt_version": "1.3.0", "profile_name": "jaffle_shop", "target_name": "dev", "connection_name": "create_divya-dbt-learn_dbt_divya"} */
create schema if not exists `divya-dbt-learn`.`dbt_divya`
  
[0m20:11:24.319019 [debug] [ThreadPool]: BigQuery adapter: https://console.cloud.google.com/bigquery?project=divya-dbt-learn&j=bq:5ceff38a-9031-492a-985a-d3c1cd63f680:US&page=queryresults
[0m20:11:24.324826 [debug] [ThreadPool]: Acquiring new bigquery connection "list_divya-dbt-learn_dbt_divya"
[0m20:11:24.327414 [debug] [ThreadPool]: Opening a new connection, currently in state closed
[0m20:11:25.080998 [debug] [MainThread]: Sending event: {'category': 'dbt', 'action': 'runnable_timing', 'label': 'a6749843-59a5-428f-8877-5250611b0d50', 'context': [<snowplow_tracker.self_describing_json.SelfDescribingJson object at 0x7f622b415a50>]}
[0m20:11:25.084399 [info ] [MainThread]: Concurrency: 1 threads (target='dev')
[0m20:11:25.088421 [info ] [MainThread]: 
[0m20:11:25.117609 [debug] [Thread-1 (]: Began running node model.jaffle_shop.my_first_dbt_model
[0m20:11:25.120622 [info ] [Thread-1 (]: 1 of 2 START sql table model dbt_divya.my_first_dbt_model ...................... [RUN]
[0m20:11:25.124584 [debug] [Thread-1 (]: Acquiring new bigquery connection "model.jaffle_shop.my_first_dbt_model"
[0m20:11:25.128985 [debug] [Thread-1 (]: Began compiling node model.jaffle_shop.my_first_dbt_model
[0m20:11:25.132524 [debug] [Thread-1 (]: Compiling model.jaffle_shop.my_first_dbt_model
[0m20:11:25.144698 [debug] [Thread-1 (]: Writing injected SQL for node "model.jaffle_shop.my_first_dbt_model"
[0m20:11:25.230535 [debug] [Thread-1 (]: finished collecting timing info
[0m20:11:25.234789 [debug] [Thread-1 (]: Began executing node model.jaffle_shop.my_first_dbt_model
[0m20:11:25.285091 [debug] [Thread-1 (]: Writing runtime sql for node "model.jaffle_shop.my_first_dbt_model"
[0m20:11:25.362913 [debug] [Thread-1 (]: Opening a new connection, currently in state closed
[0m20:11:25.372281 [debug] [Thread-1 (]: On model.jaffle_shop.my_first_dbt_model: /* {"app": "dbt", "dbt_version": "1.3.0", "profile_name": "jaffle_shop", "target_name": "dev", "node_id": "model.jaffle_shop.my_first_dbt_model"} */

  
    

    create or replace table `divya-dbt-learn`.`dbt_divya`.`my_first_dbt_model`
    
    
    OPTIONS()
    as (
      /*
    Welcome to your first dbt model!
    Did you know that you can also configure models directly within SQL files?
    This will override configurations stated in dbt_project.yml

    Try changing "table" to "view" below
*/



with source_data as (

    select 1 as id
    union all
    select null as id

)

select *
from source_data

/*
    Uncomment the line below to remove records with null `id` values
*/

-- where id is not null
    );
  
[0m20:11:29.026291 [debug] [Thread-1 (]: BigQuery adapter: https://console.cloud.google.com/bigquery?project=divya-dbt-learn&j=bq:bbd579d1-8df3-4ee2-b8b1-2942aa74fb99:US&page=queryresults
[0m20:11:29.047549 [debug] [Thread-1 (]: finished collecting timing info
[0m20:11:29.050914 [debug] [Thread-1 (]: Sending event: {'category': 'dbt', 'action': 'run_model', 'label': 'a6749843-59a5-428f-8877-5250611b0d50', 'context': [<snowplow_tracker.self_describing_json.SelfDescribingJson object at 0x7f622b3d7ac0>]}
[0m20:11:29.053655 [info ] [Thread-1 (]: 1 of 2 OK created sql table model dbt_divya.my_first_dbt_model ................. [[32mCREATE TABLE (2.0 rows, 0 processed)[0m in 3.93s]
[0m20:11:29.056268 [debug] [Thread-1 (]: Finished running node model.jaffle_shop.my_first_dbt_model
[0m20:11:29.059462 [debug] [Thread-1 (]: Began running node model.jaffle_shop.my_second_dbt_model
[0m20:11:29.062624 [info ] [Thread-1 (]: 2 of 2 START sql view model dbt_divya.my_second_dbt_model ...................... [RUN]
[0m20:11:29.065784 [debug] [Thread-1 (]: Acquiring new bigquery connection "model.jaffle_shop.my_second_dbt_model"
[0m20:11:29.067780 [debug] [Thread-1 (]: Began compiling node model.jaffle_shop.my_second_dbt_model
[0m20:11:29.069743 [debug] [Thread-1 (]: Compiling model.jaffle_shop.my_second_dbt_model
[0m20:11:29.090033 [debug] [Thread-1 (]: Writing injected SQL for node "model.jaffle_shop.my_second_dbt_model"
[0m20:11:29.119728 [debug] [Thread-1 (]: finished collecting timing info
[0m20:11:29.124036 [debug] [Thread-1 (]: Began executing node model.jaffle_shop.my_second_dbt_model
[0m20:11:29.162418 [debug] [Thread-1 (]: Writing runtime sql for node "model.jaffle_shop.my_second_dbt_model"
[0m20:11:29.190398 [debug] [Thread-1 (]: Opening a new connection, currently in state closed
[0m20:11:29.200616 [debug] [Thread-1 (]: On model.jaffle_shop.my_second_dbt_model: /* {"app": "dbt", "dbt_version": "1.3.0", "profile_name": "jaffle_shop", "target_name": "dev", "node_id": "model.jaffle_shop.my_second_dbt_model"} */


  create or replace view `divya-dbt-learn`.`dbt_divya`.`my_second_dbt_model`
  OPTIONS()
  as -- Use the `ref` function to select from other models

select *
from `divya-dbt-learn`.`dbt_divya`.`my_first_dbt_model`
where id = 1;


[0m20:11:30.567222 [debug] [Thread-1 (]: BigQuery adapter: https://console.cloud.google.com/bigquery?project=divya-dbt-learn&j=bq:045fb52a-ab5d-488d-9caf-ae60e952f4f4:US&page=queryresults
[0m20:11:30.571418 [debug] [Thread-1 (]: finished collecting timing info
[0m20:11:30.574236 [debug] [Thread-1 (]: Sending event: {'category': 'dbt', 'action': 'run_model', 'label': 'a6749843-59a5-428f-8877-5250611b0d50', 'context': [<snowplow_tracker.self_describing_json.SelfDescribingJson object at 0x7f622932c6d0>]}
[0m20:11:30.577019 [info ] [Thread-1 (]: 2 of 2 OK created sql view model dbt_divya.my_second_dbt_model ................. [[32mCREATE VIEW (0 processed)[0m in 1.51s]
[0m20:11:30.579987 [debug] [Thread-1 (]: Finished running node model.jaffle_shop.my_second_dbt_model
[0m20:11:30.583645 [debug] [MainThread]: Acquiring new bigquery connection "master"
[0m20:11:30.586091 [info ] [MainThread]: 
[0m20:11:30.588088 [info ] [MainThread]: Finished running 1 table model, 1 view model in 0 hours 0 minutes and 8.93 seconds (8.93s).
[0m20:11:30.590184 [debug] [MainThread]: Connection 'master' was properly closed.
[0m20:11:30.592745 [debug] [MainThread]: Connection 'model.jaffle_shop.my_second_dbt_model' was properly closed.
[0m20:11:30.631015 [info ] [MainThread]: 
[0m20:11:30.634529 [info ] [MainThread]: [32mCompleted successfully[0m
[0m20:11:30.637015 [info ] [MainThread]: 
[0m20:11:30.639190 [info ] [MainThread]: Done. PASS=2 WARN=0 ERROR=0 SKIP=0 TOTAL=2
[0m20:11:30.641368 [debug] [MainThread]: Sending event: {'category': 'dbt', 'action': 'invocation', 'label': 'end', 'context': [<snowplow_tracker.self_describing_json.SelfDescribingJson object at 0x7f622932cfd0>, <snowplow_tracker.self_describing_json.SelfDescribingJson object at 0x7f622b3e5ae0>, <snowplow_tracker.self_describing_json.SelfDescribingJson object at 0x7f622b3e48b0>]}
[0m20:11:30.643529 [debug] [MainThread]: Flushing usage events
